[0.009s] Invoking command in '/home/fonsivillarreal/DT/build/fred_description': CMAKE_PREFIX_PATH=${CMAKE_PREFIX_PATH}:/opt/ros/jazzy DEBUGINFOD_URLS=https://debuginfod.ubuntu.com /usr/bin/cmake /home/fonsivillarreal/DT/src/fred_description -DCMAKE_INSTALL_PREFIX=/home/fonsivillarreal/DT/install/fred_description
[0.093s] -- The C compiler identification is GNU 13.3.0
[0.171s] -- The CXX compiler identification is GNU 13.3.0
[0.190s] -- Detecting C compiler ABI info
[0.278s] -- Detecting C compiler ABI info - done
[0.283s] -- Check for working C compiler: /usr/bin/cc - skipped
[0.284s] -- Detecting C compile features
[0.284s] -- Detecting C compile features - done
[0.293s] -- Detecting CXX compiler ABI info
[0.381s] -- Detecting CXX compiler ABI info - done
[0.387s] -- Check for working CXX compiler: /usr/bin/c++ - skipped
[0.387s] -- Detecting CXX compile features
[0.388s] -- Detecting CXX compile features - done
[0.390s] -- Found ament_cmake: 2.5.5 (/opt/ros/jazzy/share/ament_cmake/cmake)
[0.490s] -- Found Python3: /usr/bin/python3 (found version "3.12.3") found components: Interpreter 
[0.562s] -- Found ament_lint_auto: 0.17.4 (/opt/ros/jazzy/share/ament_lint_auto/cmake)
[0.630s] -- Added test 'lint_cmake' to check CMake code style
[0.632s] -- Added test 'xmllint' to check XML markup files
[0.633s] -- Configuring done (0.6s)
[0.635s] -- Generating done (0.0s)
[0.637s] -- Build files have been written to: /home/fonsivillarreal/DT/build/fred_description
[0.641s] Invoked command in '/home/fonsivillarreal/DT/build/fred_description' returned '0': CMAKE_PREFIX_PATH=${CMAKE_PREFIX_PATH}:/opt/ros/jazzy DEBUGINFOD_URLS=https://debuginfod.ubuntu.com /usr/bin/cmake /home/fonsivillarreal/DT/src/fred_description -DCMAKE_INSTALL_PREFIX=/home/fonsivillarreal/DT/install/fred_description
[0.642s] Invoking command in '/home/fonsivillarreal/DT/build/fred_description': CMAKE_PREFIX_PATH=${CMAKE_PREFIX_PATH}:/opt/ros/jazzy DEBUGINFOD_URLS=https://debuginfod.ubuntu.com /usr/bin/cmake --build /home/fonsivillarreal/DT/build/fred_description -- -j16 -l16
[0.678s] Invoked command in '/home/fonsivillarreal/DT/build/fred_description' returned '0': CMAKE_PREFIX_PATH=${CMAKE_PREFIX_PATH}:/opt/ros/jazzy DEBUGINFOD_URLS=https://debuginfod.ubuntu.com /usr/bin/cmake --build /home/fonsivillarreal/DT/build/fred_description -- -j16 -l16
[0.686s] Invoking command in '/home/fonsivillarreal/DT/build/fred_description': CMAKE_PREFIX_PATH=${CMAKE_PREFIX_PATH}:/opt/ros/jazzy DEBUGINFOD_URLS=https://debuginfod.ubuntu.com /usr/bin/cmake --install /home/fonsivillarreal/DT/build/fred_description
[0.692s] -- Install configuration: ""
[0.693s] -- Installing: /home/fonsivillarreal/DT/install/fred_description/share/ament_index/resource_index/package_run_dependencies/fred_description
[0.693s] -- Installing: /home/fonsivillarreal/DT/install/fred_description/share/ament_index/resource_index/parent_prefix_path/fred_description
[0.693s] -- Installing: /home/fonsivillarreal/DT/install/fred_description/share/fred_description/environment/ament_prefix_path.sh
[0.693s] -- Installing: /home/fonsivillarreal/DT/install/fred_description/share/fred_description/environment/ament_prefix_path.dsv
[0.693s] -- Installing: /home/fonsivillarreal/DT/install/fred_description/share/fred_description/environment/path.sh
[0.693s] -- Installing: /home/fonsivillarreal/DT/install/fred_description/share/fred_description/environment/path.dsv
[0.693s] -- Installing: /home/fonsivillarreal/DT/install/fred_description/share/fred_description/local_setup.bash
[0.693s] -- Installing: /home/fonsivillarreal/DT/install/fred_description/share/fred_description/local_setup.sh
[0.693s] -- Installing: /home/fonsivillarreal/DT/install/fred_description/share/fred_description/local_setup.zsh
[0.693s] -- Installing: /home/fonsivillarreal/DT/install/fred_description/share/fred_description/local_setup.dsv
[0.693s] -- Installing: /home/fonsivillarreal/DT/install/fred_description/share/fred_description/package.dsv
[0.693s] -- Installing: /home/fonsivillarreal/DT/install/fred_description/share/ament_index/resource_index/packages/fred_description
[0.693s] -- Installing: /home/fonsivillarreal/DT/install/fred_description/share/fred_description/cmake/fred_descriptionConfig.cmake
[0.694s] -- Installing: /home/fonsivillarreal/DT/install/fred_description/share/fred_description/cmake/fred_descriptionConfig-version.cmake
[0.694s] -- Installing: /home/fonsivillarreal/DT/install/fred_description/share/fred_description/package.xml
[0.695s] Invoked command in '/home/fonsivillarreal/DT/build/fred_description' returned '0': CMAKE_PREFIX_PATH=${CMAKE_PREFIX_PATH}:/opt/ros/jazzy DEBUGINFOD_URLS=https://debuginfod.ubuntu.com /usr/bin/cmake --install /home/fonsivillarreal/DT/build/fred_description
